{"/Users/anushathalivarathil/Desktop/BootProj/src/config/db.js": {"path":"/Users/anushathalivarathil/Desktop/BootProj/src/config/db.js","statementMap":{"0":{"start":{"line":1,"column":17},"end":{"line":1,"column":30}},"1":{"start":{"line":3,"column":13},"end":{"line":9,"column":2}},"2":{"start":{"line":11,"column":23},"end":{"line":13,"column":1}},"3":{"start":{"line":12,"column":2},"end":{"line":12,"column":31}},"4":{"start":{"line":15,"column":0},"end":{"line":18,"column":2}}},"fnMap":{"0":{"name":"(anonymous_0)","decl":{"start":{"line":11,"column":23},"end":{"line":11,"column":24}},"loc":{"start":{"line":11,"column":35},"end":{"line":13,"column":1}},"line":11}},"branchMap":{},"s":{"0":3,"1":3,"2":3,"3":2,"4":3},"f":{"0":2},"b":{},"_coverageSchema":"1a1c01bbd47fc00a2c39e90264f33305004495a9","hash":"6930f346e5b357dbc1bfbc6e9d42867c675c488c"}
,"/Users/anushathalivarathil/Desktop/BootProj/src/config/jwt.js": {"path":"/Users/anushathalivarathil/Desktop/BootProj/src/config/jwt.js","statementMap":{"0":{"start":{"line":1,"column":0},"end":{"line":4,"column":2}}},"fnMap":{},"branchMap":{"0":{"loc":{"start":{"line":3,"column":13},"end":{"line":3,"column":47}},"type":"binary-expr","locations":[{"start":{"line":3,"column":13},"end":{"line":3,"column":39}},{"start":{"line":3,"column":43},"end":{"line":3,"column":47}}],"line":3}},"s":{"0":3},"f":{},"b":{"0":[3,2]},"_coverageSchema":"1a1c01bbd47fc00a2c39e90264f33305004495a9","hash":"16517d9bc9bb839a2a486eba9f2dacc98652e9d1"}
,"/Users/anushathalivarathil/Desktop/BootProj/src/controllers/auth.controller.js": {"path":"/Users/anushathalivarathil/Desktop/BootProj/src/controllers/auth.controller.js","statementMap":{"0":{"start":{"line":1,"column":12},"end":{"line":1,"column":35}},"1":{"start":{"line":2,"column":22},"end":{"line":2,"column":57}},"2":{"start":{"line":3,"column":18},"end":{"line":3,"column":42}},"3":{"start":{"line":5,"column":14},"end":{"line":19,"column":1}},"4":{"start":{"line":6,"column":2},"end":{"line":18,"column":3}},"5":{"start":{"line":7,"column":32},"end":{"line":7,"column":40}},"6":{"start":{"line":9,"column":17},"end":{"line":9,"column":49}},"7":{"start":{"line":11,"column":18},"end":{"line":13,"column":6}},"8":{"start":{"line":15,"column":4},"end":{"line":15,"column":24}},"9":{"start":{"line":17,"column":4},"end":{"line":17,"column":51}},"10":{"start":{"line":21,"column":11},"end":{"line":27,"column":1}},"11":{"start":{"line":22,"column":2},"end":{"line":26,"column":5}},"12":{"start":{"line":29,"column":0},"end":{"line":32,"column":2}}},"fnMap":{"0":{"name":"(anonymous_0)","decl":{"start":{"line":5,"column":14},"end":{"line":5,"column":15}},"loc":{"start":{"line":5,"column":34},"end":{"line":19,"column":1}},"line":5},"1":{"name":"(anonymous_1)","decl":{"start":{"line":21,"column":11},"end":{"line":21,"column":12}},"loc":{"start":{"line":21,"column":31},"end":{"line":27,"column":1}},"line":21}},"branchMap":{},"s":{"0":1,"1":1,"2":1,"3":1,"4":45,"5":45,"6":45,"7":45,"8":45,"9":0,"10":1,"11":5,"12":1},"f":{"0":45,"1":5},"b":{},"_coverageSchema":"1a1c01bbd47fc00a2c39e90264f33305004495a9","hash":"ec310c730ce7cfb37bcfd8c5989cc827f1ed9321"}
,"/Users/anushathalivarathil/Desktop/BootProj/src/execution/mongodb/script.executor.js": {"path":"/Users/anushathalivarathil/Desktop/BootProj/src/execution/mongodb/script.executor.js","statementMap":{"0":{"start":{"line":1,"column":11},"end":{"line":1,"column":33}},"1":{"start":{"line":2,"column":13},"end":{"line":2,"column":28}},"2":{"start":{"line":3,"column":24},"end":{"line":3,"column":42}},"3":{"start":{"line":4,"column":22},"end":{"line":4,"column":52}},"4":{"start":{"line":5,"column":14},"end":{"line":5,"column":40}},"5":{"start":{"line":7,"column":0},"end":{"line":46,"column":2}},"6":{"start":{"line":8,"column":21},"end":{"line":8,"column":52}},"7":{"start":{"line":9,"column":21},"end":{"line":9,"column":59}},"8":{"start":{"line":11,"column":17},"end":{"line":11,"column":50}},"9":{"start":{"line":12,"column":2},"end":{"line":12,"column":25}},"10":{"start":{"line":14,"column":2},"end":{"line":45,"column":3}},"11":{"start":{"line":16,"column":19},"end":{"line":16,"column":52}},"12":{"start":{"line":17,"column":15},"end":{"line":17,"column":32}},"13":{"start":{"line":20,"column":4},"end":{"line":22,"column":5}},"14":{"start":{"line":21,"column":6},"end":{"line":21,"column":100}},"15":{"start":{"line":24,"column":24},"end":{"line":32,"column":6}},"16":{"start":{"line":26,"column":8},"end":{"line":30,"column":10}},"17":{"start":{"line":27,"column":22},"end":{"line":27,"column":51}},"18":{"start":{"line":28,"column":10},"end":{"line":28,"column":71}},"19":{"start":{"line":28,"column":36},"end":{"line":28,"column":71}},"20":{"start":{"line":29,"column":10},"end":{"line":29,"column":41}},"21":{"start":{"line":34,"column":4},"end":{"line":42,"column":7}},"22":{"start":{"line":44,"column":4},"end":{"line":44,"column":25}}},"fnMap":{"0":{"name":"executeMongoScript","decl":{"start":{"line":7,"column":32},"end":{"line":7,"column":50}},"loc":{"start":{"line":7,"column":70},"end":{"line":46,"column":1}},"line":7},"1":{"name":"(anonymous_1)","decl":{"start":{"line":25,"column":11},"end":{"line":25,"column":12}},"loc":{"start":{"line":25,"column":34},"end":{"line":31,"column":7}},"line":25},"2":{"name":"(anonymous_2)","decl":{"start":{"line":26,"column":15},"end":{"line":26,"column":16}},"loc":{"start":{"line":26,"column":44},"end":{"line":30,"column":9}},"line":26}},"branchMap":{"0":{"loc":{"start":{"line":16,"column":19},"end":{"line":16,"column":52}},"type":"binary-expr","locations":[{"start":{"line":16,"column":19},"end":{"line":16,"column":34}},{"start":{"line":16,"column":38},"end":{"line":16,"column":52}}],"line":16},"1":{"loc":{"start":{"line":20,"column":4},"end":{"line":22,"column":5}},"type":"if","locations":[{"start":{"line":20,"column":4},"end":{"line":22,"column":5}},{"start":{},"end":{}}],"line":20},"2":{"loc":{"start":{"line":28,"column":10},"end":{"line":28,"column":71}},"type":"if","locations":[{"start":{"line":28,"column":10},"end":{"line":28,"column":71}},{"start":{},"end":{}}],"line":28}},"s":{"0":1,"1":1,"2":1,"3":1,"4":1,"5":1,"6":4,"7":4,"8":4,"9":4,"10":4,"11":4,"12":4,"13":4,"14":1,"15":3,"16":2,"17":2,"18":2,"19":1,"20":1,"21":3,"22":4},"f":{"0":4,"1":2,"2":2},"b":{"0":[4,2],"1":[1,3],"2":[1,1]},"_coverageSchema":"1a1c01bbd47fc00a2c39e90264f33305004495a9","hash":"04c2d5fa7fb2c295a1cefc8ef35a93ae3d1b76c8"}
,"/Users/anushathalivarathil/Desktop/BootProj/src/execution/postgres/script.executor.js": {"path":"/Users/anushathalivarathil/Desktop/BootProj/src/execution/postgres/script.executor.js","statementMap":{"0":{"start":{"line":1,"column":11},"end":{"line":1,"column":33}},"1":{"start":{"line":2,"column":13},"end":{"line":2,"column":28}},"2":{"start":{"line":3,"column":17},"end":{"line":3,"column":30}},"3":{"start":{"line":4,"column":22},"end":{"line":4,"column":52}},"4":{"start":{"line":5,"column":14},"end":{"line":5,"column":40}},"5":{"start":{"line":7,"column":0},"end":{"line":41,"column":2}},"6":{"start":{"line":8,"column":14},"end":{"line":8,"column":39}},"7":{"start":{"line":9,"column":2},"end":{"line":9,"column":39}},"8":{"start":{"line":11,"column":15},"end":{"line":13,"column":4}},"9":{"start":{"line":16,"column":21},"end":{"line":16,"column":52}},"10":{"start":{"line":17,"column":21},"end":{"line":17,"column":59}},"11":{"start":{"line":19,"column":13},"end":{"line":27,"column":3}},"12":{"start":{"line":21,"column":18},"end":{"line":21,"column":48}},"13":{"start":{"line":22,"column":6},"end":{"line":25,"column":8}},"14":{"start":{"line":29,"column":2},"end":{"line":40,"column":3}},"15":{"start":{"line":30,"column":4},"end":{"line":37,"column":7}},"16":{"start":{"line":39,"column":4},"end":{"line":39,"column":21}}},"fnMap":{"0":{"name":"executePostgresScript","decl":{"start":{"line":7,"column":32},"end":{"line":7,"column":53}},"loc":{"start":{"line":7,"column":73},"end":{"line":41,"column":1}},"line":7},"1":{"name":"(anonymous_1)","decl":{"start":{"line":20,"column":11},"end":{"line":20,"column":12}},"loc":{"start":{"line":20,"column":35},"end":{"line":26,"column":5}},"line":20}},"branchMap":{},"s":{"0":2,"1":2,"2":2,"3":2,"4":2,"5":2,"6":4,"7":4,"8":4,"9":4,"10":4,"11":4,"12":2,"13":2,"14":4,"15":4,"16":4},"f":{"0":4,"1":2},"b":{},"_coverageSchema":"1a1c01bbd47fc00a2c39e90264f33305004495a9","hash":"983202bd0d51ec4e38c9d74a13004adda4ec28bf"}
,"/Users/anushathalivarathil/Desktop/BootProj/src/execution/script/utils.js": {"path":"/Users/anushathalivarathil/Desktop/BootProj/src/execution/script/utils.js","statementMap":{"0":{"start":{"line":1,"column":0},"end":{"line":9,"column":2}},"1":{"start":{"line":3,"column":4},"end":{"line":3,"column":51}},"2":{"start":{"line":3,"column":30},"end":{"line":3,"column":49}},"3":{"start":{"line":7,"column":4},"end":{"line":7,"column":22}}},"fnMap":{"0":{"name":"(anonymous_0)","decl":{"start":{"line":2,"column":2},"end":{"line":2,"column":3}},"loc":{"start":{"line":2,"column":12},"end":{"line":4,"column":3}},"line":2},"1":{"name":"(anonymous_1)","decl":{"start":{"line":3,"column":23},"end":{"line":3,"column":24}},"loc":{"start":{"line":3,"column":30},"end":{"line":3,"column":49}},"line":3},"2":{"name":"(anonymous_2)","decl":{"start":{"line":6,"column":2},"end":{"line":6,"column":3}},"loc":{"start":{"line":6,"column":8},"end":{"line":8,"column":3}},"line":6}},"branchMap":{},"s":{"0":4,"1":1,"2":1,"3":1},"f":{"0":1,"1":1,"2":1},"b":{},"_coverageSchema":"1a1c01bbd47fc00a2c39e90264f33305004495a9","hash":"2470a1bc43a11d7f53a92923132249fc053382ca"}
,"/Users/anushathalivarathil/Desktop/BootProj/src/execution/script/vm.runner.js": {"path":"/Users/anushathalivarathil/Desktop/BootProj/src/execution/script/vm.runner.js","statementMap":{"0":{"start":{"line":1,"column":11},"end":{"line":1,"column":24}},"1":{"start":{"line":3,"column":0},"end":{"line":44,"column":2}},"2":{"start":{"line":8,"column":18},"end":{"line":12,"column":3}},"3":{"start":{"line":14,"column":2},"end":{"line":14,"column":28}},"4":{"start":{"line":16,"column":22},"end":{"line":21,"column":3}},"5":{"start":{"line":23,"column":17},"end":{"line":23,"column":43}},"6":{"start":{"line":25,"column":21},"end":{"line":27,"column":4}},"7":{"start":{"line":29,"column":2},"end":{"line":31,"column":3}},"8":{"start":{"line":30,"column":4},"end":{"line":30,"column":53}},"9":{"start":{"line":33,"column":17},"end":{"line":33,"column":42}},"10":{"start":{"line":35,"column":2},"end":{"line":41,"column":3}},"11":{"start":{"line":40,"column":4},"end":{"line":40,"column":61}},"12":{"start":{"line":43,"column":2},"end":{"line":43,"column":16}}},"fnMap":{"0":{"name":"runUserScript","decl":{"start":{"line":3,"column":32},"end":{"line":3,"column":45}},"loc":{"start":{"line":7,"column":3},"end":{"line":44,"column":1}},"line":7}},"branchMap":{"0":{"loc":{"start":{"line":6,"column":2},"end":{"line":6,"column":18}},"type":"default-arg","locations":[{"start":{"line":6,"column":14},"end":{"line":6,"column":18}}],"line":6},"1":{"loc":{"start":{"line":29,"column":2},"end":{"line":31,"column":3}},"type":"if","locations":[{"start":{"line":29,"column":2},"end":{"line":31,"column":3}},{"start":{},"end":{}}],"line":29},"2":{"loc":{"start":{"line":35,"column":2},"end":{"line":41,"column":3}},"type":"if","locations":[{"start":{"line":35,"column":2},"end":{"line":41,"column":3}},{"start":{},"end":{}}],"line":35},"3":{"loc":{"start":{"line":36,"column":4},"end":{"line":38,"column":31}},"type":"binary-expr","locations":[{"start":{"line":36,"column":4},"end":{"line":36,"column":11}},{"start":{"line":37,"column":4},"end":{"line":37,"column":39}},{"start":{"line":38,"column":4},"end":{"line":38,"column":31}}],"line":36}},"s":{"0":1,"1":1,"2":10,"3":10,"4":10,"5":10,"6":10,"7":10,"8":2,"9":8,"10":6,"11":1,"12":5},"f":{"0":10},"b":{"0":[9],"1":[2,8],"2":[1,5],"3":[6,6,5]},"_coverageSchema":"1a1c01bbd47fc00a2c39e90264f33305004495a9","hash":"5ab208f1a9219b56dd9ac46dd2fc8a6fc8df823e"}
,"/Users/anushathalivarathil/Desktop/BootProj/src/middlewares/auth.middleware.js": {"path":"/Users/anushathalivarathil/Desktop/BootProj/src/middlewares/auth.middleware.js","statementMap":{"0":{"start":{"line":1,"column":12},"end":{"line":1,"column":35}},"1":{"start":{"line":3,"column":0},"end":{"line":19,"column":2}},"2":{"start":{"line":4,"column":21},"end":{"line":4,"column":46}},"3":{"start":{"line":6,"column":2},"end":{"line":8,"column":3}},"4":{"start":{"line":7,"column":4},"end":{"line":7,"column":77}},"5":{"start":{"line":10,"column":16},"end":{"line":10,"column":40}},"6":{"start":{"line":12,"column":2},"end":{"line":18,"column":3}},"7":{"start":{"line":13,"column":20},"end":{"line":13,"column":61}},"8":{"start":{"line":14,"column":4},"end":{"line":14,"column":23}},"9":{"start":{"line":15,"column":4},"end":{"line":15,"column":11}},"10":{"start":{"line":17,"column":4},"end":{"line":17,"column":73}}},"fnMap":{"0":{"name":"(anonymous_0)","decl":{"start":{"line":3,"column":17},"end":{"line":3,"column":18}},"loc":{"start":{"line":3,"column":37},"end":{"line":19,"column":1}},"line":3}},"branchMap":{"0":{"loc":{"start":{"line":6,"column":2},"end":{"line":8,"column":3}},"type":"if","locations":[{"start":{"line":6,"column":2},"end":{"line":8,"column":3}},{"start":{},"end":{}}],"line":6},"1":{"loc":{"start":{"line":6,"column":6},"end":{"line":6,"column":54}},"type":"binary-expr","locations":[{"start":{"line":6,"column":6},"end":{"line":6,"column":17}},{"start":{"line":6,"column":21},"end":{"line":6,"column":54}}],"line":6}},"s":{"0":1,"1":1,"2":4,"3":4,"4":2,"5":2,"6":2,"7":2,"8":1,"9":1,"10":1},"f":{"0":4},"b":{"0":[2,2],"1":[4,3]},"_coverageSchema":"1a1c01bbd47fc00a2c39e90264f33305004495a9","hash":"f51c6b7a53e19857a1d7dea70e781e8eb5fa8c2a"}
,"/Users/anushathalivarathil/Desktop/BootProj/src/middlewares/error.middleware.js": {"path":"/Users/anushathalivarathil/Desktop/BootProj/src/middlewares/error.middleware.js","statementMap":{"0":{"start":{"line":1,"column":0},"end":{"line":7,"column":2}},"1":{"start":{"line":2,"column":2},"end":{"line":2,"column":21}},"2":{"start":{"line":4,"column":2},"end":{"line":6,"column":5}}},"fnMap":{"0":{"name":"(anonymous_0)","decl":{"start":{"line":1,"column":17},"end":{"line":1,"column":18}},"loc":{"start":{"line":1,"column":42},"end":{"line":7,"column":1}},"line":1}},"branchMap":{"0":{"loc":{"start":{"line":5,"column":11},"end":{"line":5,"column":48}},"type":"binary-expr","locations":[{"start":{"line":5,"column":11},"end":{"line":5,"column":22}},{"start":{"line":5,"column":26},"end":{"line":5,"column":48}}],"line":5}},"s":{"0":1,"1":72,"2":72},"f":{"0":72},"b":{"0":[72,34]},"_coverageSchema":"1a1c01bbd47fc00a2c39e90264f33305004495a9","hash":"1309ac3c9e04c8789a65287daa0c829114c45c34"}
,"/Users/anushathalivarathil/Desktop/BootProj/src/middlewares/uploadScripts.js": {"path":"/Users/anushathalivarathil/Desktop/BootProj/src/middlewares/uploadScripts.js","statementMap":{"0":{"start":{"line":1,"column":15},"end":{"line":1,"column":32}},"1":{"start":{"line":2,"column":13},"end":{"line":2,"column":28}},"2":{"start":{"line":4,"column":16},"end":{"line":11,"column":2}},"3":{"start":{"line":8,"column":6},"end":{"line":8,"column":56}},"4":{"start":{"line":9,"column":4},"end":{"line":9,"column":29}},"5":{"start":{"line":13,"column":21},"end":{"line":37,"column":2}},"6":{"start":{"line":22,"column":16},"end":{"line":22,"column":61}},"7":{"start":{"line":23,"column":17},"end":{"line":23,"column":30}},"8":{"start":{"line":26,"column":4},"end":{"line":33,"column":5}},"9":{"start":{"line":30,"column":6},"end":{"line":32,"column":8}},"10":{"start":{"line":35,"column":4},"end":{"line":35,"column":19}},"11":{"start":{"line":39,"column":0},"end":{"line":39,"column":30}}},"fnMap":{"0":{"name":"(anonymous_0)","decl":{"start":{"line":6,"column":12},"end":{"line":6,"column":13}},"loc":{"start":{"line":6,"column":31},"end":{"line":10,"column":3}},"line":6},"1":{"name":"(anonymous_1)","decl":{"start":{"line":21,"column":2},"end":{"line":21,"column":3}},"loc":{"start":{"line":21,"column":28},"end":{"line":36,"column":3}},"line":21}},"branchMap":{"0":{"loc":{"start":{"line":26,"column":4},"end":{"line":33,"column":5}},"type":"if","locations":[{"start":{"line":26,"column":4},"end":{"line":33,"column":5}},{"start":{},"end":{}}],"line":26},"1":{"loc":{"start":{"line":27,"column":6},"end":{"line":28,"column":39}},"type":"binary-expr","locations":[{"start":{"line":27,"column":6},"end":{"line":27,"column":19}},{"start":{"line":28,"column":6},"end":{"line":28,"column":39}}],"line":27}},"s":{"0":1,"1":1,"2":1,"3":1,"4":1,"5":1,"6":3,"7":3,"8":3,"9":2,"10":1,"11":1},"f":{"0":1,"1":3},"b":{"0":[2,1],"1":[3,2]},"_coverageSchema":"1a1c01bbd47fc00a2c39e90264f33305004495a9","hash":"b640b8438f63576a8c0f1ee1e6af0c49dc7f2861"}
,"/Users/anushathalivarathil/Desktop/BootProj/src/routes/approvals.routes.js": {"path":"/Users/anushathalivarathil/Desktop/BootProj/src/routes/approvals.routes.js","statementMap":{"0":{"start":{"line":3,"column":16},"end":{"line":3,"column":34}},"1":{"start":{"line":4,"column":15},"end":{"line":4,"column":31}},"2":{"start":{"line":7,"column":23},"end":{"line":7,"column":64}},"3":{"start":{"line":8,"column":28},"end":{"line":8,"column":74}},"4":{"start":{"line":11,"column":0},"end":{"line":15,"column":2}},"5":{"start":{"line":22,"column":0},"end":{"line":26,"column":2}},"6":{"start":{"line":32,"column":0},"end":{"line":36,"column":2}},"7":{"start":{"line":40,"column":0},"end":{"line":44,"column":2}},"8":{"start":{"line":49,"column":0},"end":{"line":49,"column":24}}},"fnMap":{},"branchMap":{},"s":{"0":1,"1":1,"2":1,"3":1,"4":1,"5":1,"6":1,"7":1,"8":1},"f":{},"b":{},"_coverageSchema":"1a1c01bbd47fc00a2c39e90264f33305004495a9","hash":"7d6eded7440fa506581a09be8c062c9a0c780021"}
,"/Users/anushathalivarathil/Desktop/BootProj/src/routes/auth.routes.js": {"path":"/Users/anushathalivarathil/Desktop/BootProj/src/routes/auth.routes.js","statementMap":{"0":{"start":{"line":1,"column":16},"end":{"line":1,"column":34}},"1":{"start":{"line":2,"column":15},"end":{"line":2,"column":31}},"2":{"start":{"line":4,"column":23},"end":{"line":4,"column":64}},"3":{"start":{"line":5,"column":23},"end":{"line":5,"column":64}},"4":{"start":{"line":9,"column":0},"end":{"line":9,"column":59}},"5":{"start":{"line":10,"column":0},"end":{"line":10,"column":65}},"6":{"start":{"line":12,"column":0},"end":{"line":12,"column":44}},"7":{"start":{"line":14,"column":0},"end":{"line":14,"column":53}},"8":{"start":{"line":16,"column":0},"end":{"line":16,"column":24}}},"fnMap":{},"branchMap":{},"s":{"0":1,"1":1,"2":1,"3":1,"4":1,"5":1,"6":1,"7":1,"8":1},"f":{},"b":{},"_coverageSchema":"1a1c01bbd47fc00a2c39e90264f33305004495a9","hash":"0439bf29184c740576908dbb285bf7d589c3db82"}
,"/Users/anushathalivarathil/Desktop/BootProj/src/services/auth.service.js": {"path":"/Users/anushathalivarathil/Desktop/BootProj/src/services/auth.service.js","statementMap":{"0":{"start":{"line":1,"column":17},"end":{"line":1,"column":40}},"1":{"start":{"line":2,"column":15},"end":{"line":2,"column":32}},"2":{"start":{"line":4,"column":18},"end":{"line":26,"column":1}},"3":{"start":{"line":5,"column":17},"end":{"line":8,"column":3}},"4":{"start":{"line":10,"column":2},"end":{"line":12,"column":3}},"5":{"start":{"line":11,"column":4},"end":{"line":11,"column":43}},"6":{"start":{"line":14,"column":15},"end":{"line":14,"column":29}},"7":{"start":{"line":16,"column":18},"end":{"line":16,"column":68}},"8":{"start":{"line":17,"column":2},"end":{"line":19,"column":3}},"9":{"start":{"line":18,"column":4},"end":{"line":18,"column":43}},"10":{"start":{"line":21,"column":2},"end":{"line":25,"column":4}},"11":{"start":{"line":28,"column":0},"end":{"line":28,"column":31}}},"fnMap":{"0":{"name":"(anonymous_0)","decl":{"start":{"line":4,"column":18},"end":{"line":4,"column":19}},"loc":{"start":{"line":4,"column":45},"end":{"line":26,"column":1}},"line":4}},"branchMap":{"0":{"loc":{"start":{"line":10,"column":2},"end":{"line":12,"column":3}},"type":"if","locations":[{"start":{"line":10,"column":2},"end":{"line":12,"column":3}},{"start":{},"end":{}}],"line":10},"1":{"loc":{"start":{"line":17,"column":2},"end":{"line":19,"column":3}},"type":"if","locations":[{"start":{"line":17,"column":2},"end":{"line":19,"column":3}},{"start":{},"end":{}}],"line":17}},"s":{"0":1,"1":1,"2":1,"3":3,"4":3,"5":1,"6":2,"7":2,"8":2,"9":1,"10":1,"11":1},"f":{"0":3},"b":{"0":[1,2],"1":[1,1]},"_coverageSchema":"1a1c01bbd47fc00a2c39e90264f33305004495a9","hash":"1657593ccc93c5a9787548029d1899da408043a9"}
,"/Users/anushathalivarathil/Desktop/BootProj/src/utils/postgresUrl.js": {"path":"/Users/anushathalivarathil/Desktop/BootProj/src/utils/postgresUrl.js","statementMap":{"0":{"start":{"line":1,"column":16},"end":{"line":1,"column":30}},"1":{"start":{"line":3,"column":0},"end":{"line":14,"column":2}},"2":{"start":{"line":4,"column":14},"end":{"line":4,"column":30}},"3":{"start":{"line":7,"column":18},"end":{"line":7,"column":44}},"4":{"start":{"line":8,"column":2},"end":{"line":10,"column":3}},"5":{"start":{"line":9,"column":4},"end":{"line":9,"column":53}},"6":{"start":{"line":12,"column":2},"end":{"line":12,"column":30}},"7":{"start":{"line":13,"column":2},"end":{"line":13,"column":24}}},"fnMap":{"0":{"name":"(anonymous_0)","decl":{"start":{"line":3,"column":21},"end":{"line":3,"column":22}},"loc":{"start":{"line":3,"column":42},"end":{"line":14,"column":1}},"line":3}},"branchMap":{"0":{"loc":{"start":{"line":8,"column":2},"end":{"line":10,"column":3}},"type":"if","locations":[{"start":{"line":8,"column":2},"end":{"line":10,"column":3}},{"start":{},"end":{}}],"line":8}},"s":{"0":1,"1":1,"2":5,"3":4,"4":4,"5":2,"6":2,"7":2},"f":{"0":5},"b":{"0":[2,2]},"_coverageSchema":"1a1c01bbd47fc00a2c39e90264f33305004495a9","hash":"a637848bd9395d45ba8c03d8c5cb0aafd7160e1a"}
}
