TN:
SF:src/config/db.js
FN:11,(anonymous_0)
FNF:1
FNH:1
FNDA:2,(anonymous_0)
DA:1,3
DA:3,3
DA:11,3
DA:12,2
DA:15,3
LF:5
LH:5
BRF:0
BRH:0
end_of_record
TN:
SF:src/config/jwt.js
FNF:0
FNH:0
DA:1,4
LF:1
LH:1
BRDA:3,0,0,4
BRDA:3,0,1,3
BRF:2
BRH:2
end_of_record
TN:
SF:src/controllers/auth.controller.js
FN:5,(anonymous_0)
FN:21,(anonymous_1)
FNF:2
FNH:2
FNDA:2,(anonymous_0)
FNDA:1,(anonymous_1)
DA:1,1
DA:2,1
DA:3,1
DA:5,1
DA:6,2
DA:7,2
DA:9,2
DA:11,1
DA:15,1
DA:17,1
DA:21,1
DA:22,1
DA:29,1
LF:13
LH:13
BRF:0
BRH:0
end_of_record
TN:
SF:src/execution/mongodb/script.executor.js
FN:7,executeMongoScript
FN:25,(anonymous_1)
FN:26,(anonymous_2)
FNF:3
FNH:3
FNDA:4,executeMongoScript
FNDA:2,(anonymous_1)
FNDA:2,(anonymous_2)
DA:1,1
DA:2,1
DA:3,1
DA:4,1
DA:5,1
DA:7,1
DA:8,4
DA:9,4
DA:11,4
DA:12,4
DA:14,4
DA:16,4
DA:17,4
DA:20,4
DA:21,1
DA:24,3
DA:26,2
DA:27,2
DA:28,2
DA:29,1
DA:34,3
DA:44,4
LF:22
LH:22
BRDA:16,0,0,4
BRDA:16,0,1,2
BRDA:20,1,0,1
BRDA:20,1,1,3
BRDA:28,2,0,1
BRDA:28,2,1,1
BRF:6
BRH:6
end_of_record
TN:
SF:src/execution/postgres/script.executor.js
FN:7,executePostgresScript
FN:20,(anonymous_1)
FNF:2
FNH:2
FNDA:4,executePostgresScript
FNDA:2,(anonymous_1)
DA:1,2
DA:2,2
DA:3,2
DA:4,2
DA:5,2
DA:7,2
DA:8,4
DA:9,4
DA:11,4
DA:16,4
DA:17,4
DA:19,4
DA:21,2
DA:22,2
DA:29,4
DA:30,4
DA:39,4
LF:17
LH:17
BRF:0
BRH:0
end_of_record
TN:
SF:src/execution/script/utils.js
FN:2,(anonymous_0)
FN:3,(anonymous_1)
FN:6,(anonymous_2)
FNF:3
FNH:3
FNDA:1,(anonymous_0)
FNDA:1,(anonymous_1)
FNDA:1,(anonymous_2)
DA:1,4
DA:3,1
DA:7,1
LF:3
LH:3
BRF:0
BRH:0
end_of_record
TN:
SF:src/execution/script/vm.runner.js
FN:3,runUserScript
FNF:1
FNH:1
FNDA:10,runUserScript
DA:1,1
DA:3,1
DA:8,10
DA:14,10
DA:16,10
DA:23,10
DA:25,10
DA:29,10
DA:30,2
DA:33,8
DA:35,6
DA:40,1
DA:43,5
LF:13
LH:13
BRDA:6,0,0,9
BRDA:29,1,0,2
BRDA:29,1,1,8
BRDA:35,2,0,1
BRDA:35,2,1,5
BRDA:36,3,0,6
BRDA:36,3,1,6
BRDA:36,3,2,5
BRF:8
BRH:8
end_of_record
TN:
SF:src/middlewares/auth.middleware.js
FN:3,(anonymous_0)
FNF:1
FNH:1
FNDA:4,(anonymous_0)
DA:1,1
DA:3,1
DA:4,4
DA:6,4
DA:7,2
DA:10,2
DA:12,2
DA:13,2
DA:14,1
DA:15,1
DA:17,1
LF:11
LH:11
BRDA:6,0,0,2
BRDA:6,0,1,2
BRDA:6,1,0,4
BRDA:6,1,1,3
BRF:4
BRH:4
end_of_record
TN:
SF:src/middlewares/error.middleware.js
FN:1,(anonymous_0)
FNF:1
FNH:1
FNDA:2,(anonymous_0)
DA:1,1
DA:2,2
DA:4,2
LF:3
LH:3
BRDA:5,0,0,2
BRDA:5,0,1,1
BRF:2
BRH:2
end_of_record
TN:
SF:src/middlewares/uploadScripts.js
FN:6,(anonymous_0)
FN:21,(anonymous_1)
FNF:2
FNH:2
FNDA:1,(anonymous_0)
FNDA:3,(anonymous_1)
DA:1,1
DA:2,1
DA:4,1
DA:8,1
DA:9,1
DA:13,1
DA:22,3
DA:23,3
DA:26,3
DA:30,2
DA:35,1
DA:39,1
LF:12
LH:12
BRDA:26,0,0,2
BRDA:26,0,1,1
BRDA:27,1,0,3
BRDA:27,1,1,2
BRF:4
BRH:4
end_of_record
TN:
SF:src/routes/approvals.routes.js
FNF:0
FNH:0
DA:3,1
DA:4,1
DA:7,1
DA:8,1
DA:11,1
DA:22,1
DA:32,1
DA:40,1
DA:49,1
LF:9
LH:9
BRF:0
BRH:0
end_of_record
TN:
SF:src/routes/auth.routes.js
FNF:0
FNH:0
DA:1,1
DA:2,1
DA:4,1
DA:5,1
DA:9,1
DA:10,1
DA:12,1
DA:14,1
DA:16,1
LF:9
LH:9
BRF:0
BRH:0
end_of_record
TN:
SF:src/routes/execution.routes.js
FNF:0
FNH:0
DA:1,1
DA:2,1
DA:4,1
DA:5,1
DA:7,1
DA:13,1
LF:6
LH:6
BRF:0
BRH:0
end_of_record
TN:
SF:src/routes/pods.routes.js
FN:4,(anonymous_0)
FNF:1
FNH:1
FNDA:1,(anonymous_0)
DA:1,1
DA:2,1
DA:4,1
DA:5,1
DA:8,1
LF:5
LH:5
BRF:0
BRH:0
end_of_record
TN:
SF:src/services/auth.service.js
FN:4,(anonymous_0)
FNF:1
FNH:1
FNDA:3,(anonymous_0)
DA:1,1
DA:2,1
DA:4,1
DA:5,3
DA:10,3
DA:11,1
DA:14,2
DA:16,2
DA:17,2
DA:18,1
DA:21,1
DA:28,1
LF:12
LH:12
BRDA:10,0,0,1
BRDA:10,0,1,2
BRDA:17,1,0,1
BRDA:17,1,1,1
BRF:4
BRH:4
end_of_record
TN:
SF:src/utils/postgresUrl.js
FN:3,(anonymous_0)
FNF:1
FNH:1
FNDA:5,(anonymous_0)
DA:1,1
DA:3,1
DA:4,5
DA:7,4
DA:8,4
DA:9,2
DA:12,2
DA:13,2
LF:8
LH:8
BRDA:8,0,0,2
BRDA:8,0,1,2
BRF:2
BRH:2
end_of_record
